<?xml version="1.0" encoding="UTF-8"?>
<!-- Generated by org.testng.reporters.JUnitReportReporter -->
<testsuite hostname="DESKTOP-DOI1RUF" failures="0" tests="2" name="src.test.java.Mesto1Test" time="29.965" errors="0" timestamp="23 мая 2022 13:02:35 GMT" skipped="0">
  <testcase classname="src.test.java.Mesto1Test" name="likeTheFirstPhoto" time="13.892"/>
  <testcase classname="src.test.java.Mesto1Test" name="addNewPhoto" time="16.073"/>
</testsuite> <!-- src.test.java.Mesto1Test -->
